{"contracts/Details.sol":{"l":{"52":1,"53":1,"54":1,"55":1,"91":1,"92":1,"93":1,"94":1,"95":1,"96":1,"97":1,"98":1,"99":1,"100":1,"101":1,"118":12,"119":12,"120":12,"121":12,"122":12,"123":12,"124":87,"125":87,"127":87,"133":12,"134":12,"135":12,"136":12,"137":12,"162":1,"163":1,"164":1,"165":1,"166":1,"167":1,"168":1,"169":1,"170":1,"181":1,"182":1},"path":"/Volumes/Work/Workspaces/dsla/stacktical-dsla-contracts/contracts/Details.sol","s":{"1":1,"2":1,"3":1,"4":1,"5":1,"6":1,"7":1,"8":1,"9":1,"10":1,"11":1,"12":1,"13":1,"14":1,"15":1,"16":12,"17":12,"18":12,"19":12,"20":12,"21":12,"22":87,"23":87,"24":87,"25":12,"26":12,"27":12,"28":12,"29":12,"30":1,"31":1,"32":1,"33":1,"34":1,"35":1,"36":1,"37":1,"38":1,"39":1,"40":1},"b":{},"f":{"1":1,"2":1,"3":12,"4":1},"fnMap":{"1":{"name":"getSLADynamicDetails","line":43,"loc":{"start":{"line":43,"column":4},"end":{"line":56,"column":4}}},"2":{"name":"getSLAStaticDetails","line":74,"loc":{"start":{"line":74,"column":4},"end":{"line":102,"column":4}}},"3":{"name":"getSLADetailsArrays","line":110,"loc":{"start":{"line":110,"column":4},"end":{"line":145,"column":4}}},"4":{"name":"getDTokensDetails","line":154,"loc":{"start":{"line":154,"column":4},"end":{"line":194,"column":4}}}},"statementMap":{"1":{"start":{"line":52,"column":8},"end":{"line":52,"column":34}},"2":{"start":{"line":53,"column":8},"end":{"line":53,"column":44}},"3":{"start":{"line":54,"column":8},"end":{"line":54,"column":56}},"4":{"start":{"line":55,"column":8},"end":{"line":55,"column":32}},"5":{"start":{"line":91,"column":8},"end":{"line":91,"column":34}},"6":{"start":{"line":92,"column":8},"end":{"line":92,"column":29}},"7":{"start":{"line":93,"column":8},"end":{"line":93,"column":48}},"8":{"start":{"line":94,"column":8},"end":{"line":94,"column":46}},"9":{"start":{"line":95,"column":8},"end":{"line":95,"column":36}},"10":{"start":{"line":96,"column":8},"end":{"line":96,"column":68}},"11":{"start":{"line":97,"column":8},"end":{"line":97,"column":54}},"12":{"start":{"line":98,"column":8},"end":{"line":98,"column":26}},"13":{"start":{"line":99,"column":8},"end":{"line":99,"column":32}},"14":{"start":{"line":100,"column":8},"end":{"line":100,"column":46}},"15":{"start":{"line":101,"column":8},"end":{"line":101,"column":42}},"16":{"start":{"line":118,"column":8},"end":{"line":118,"column":34}},"17":{"start":{"line":119,"column":8},"end":{"line":119,"column":55}},"18":{"start":{"line":120,"column":8},"end":{"line":120,"column":51}},"19":{"start":{"line":121,"column":8},"end":{"line":121,"column":69}},"20":{"start":{"line":122,"column":8},"end":{"line":122,"column":56}},"21":{"start":{"line":123,"column":8},"end":{"line":123,"column":4121}},"22":{"start":{"line":124,"column":12},"end":{"line":124,"column":54}},"23":{"start":{"line":125,"column":12},"end":{"line":125,"column":4278}},"24":{"start":{"line":127,"column":12},"end":{"line":127,"column":4363}},"25":{"start":{"line":133,"column":8},"end":{"line":133,"column":66}},"26":{"start":{"line":134,"column":8},"end":{"line":134,"column":58}},"27":{"start":{"line":135,"column":8},"end":{"line":135,"column":4652}},"28":{"start":{"line":136,"column":12},"end":{"line":136,"column":59}},"29":{"start":{"line":137,"column":12},"end":{"line":137,"column":4794}},"30":{"start":{"line":162,"column":8},"end":{"line":162,"column":47}},"31":{"start":{"line":163,"column":8},"end":{"line":163,"column":34}},"32":{"start":{"line":164,"column":8},"end":{"line":164,"column":66}},"33":{"start":{"line":165,"column":8},"end":{"line":165,"column":58}},"34":{"start":{"line":166,"column":8},"end":{"line":166,"column":58}},"35":{"start":{"line":167,"column":8},"end":{"line":167,"column":5894}},"36":{"start":{"line":168,"column":12},"end":{"line":168,"column":59}},"37":{"start":{"line":169,"column":12},"end":{"line":169,"column":70}},"38":{"start":{"line":170,"column":12},"end":{"line":170,"column":6108}},"39":{"start":{"line":181,"column":12},"end":{"line":181,"column":70}},"40":{"start":{"line":182,"column":12},"end":{"line":182,"column":6669}}},"branchMap":{}},"contracts/dToken.sol":{"l":{"14":32,"16":32,"17":32,"19":32,"23":1},"path":"/Volumes/Work/Workspaces/dsla/stacktical-dsla-contracts/contracts/dToken.sol","s":{"1":32,"2":32,"3":32,"4":32,"5":1},"b":{},"f":{"1":32,"2":1},"fnMap":{"1":{"name":"constructor","line":13,"loc":{"start":{"line":9,"column":4},"end":{"line":20,"column":4}}},"2":{"name":"decimals","line":22,"loc":{"start":{"line":22,"column":4},"end":{"line":24,"column":4}}}},"statementMap":{"1":{"start":{"line":14,"column":8},"end":{"line":14,"column":51}},"2":{"start":{"line":16,"column":8},"end":{"line":16,"column":44}},"3":{"start":{"line":17,"column":8},"end":{"line":17,"column":44}},"4":{"start":{"line":19,"column":8},"end":{"line":19,"column":28}},"5":{"start":{"line":23,"column":8},"end":{"line":23,"column":24}}},"branchMap":{}},"contracts/libraries/StringUtils.sol":{"l":{"10":0,"11":0,"12":0,"13":0,"14":0,"15":0,"16":0,"17":0,"19":0,"27":0,"28":0,"29":0,"31":0,"32":0,"33":0,"35":0,"43":0,"44":0,"45":0,"46":0,"49":0,"77":0,"78":0,"79":0,"81":0,"82":0,"83":0,"84":0,"85":0,"87":0,"88":0,"89":0,"90":0,"91":0,"93":0},"path":"/Volumes/Work/Workspaces/dsla/stacktical-dsla-contracts/contracts/libraries/StringUtils.sol","s":{"1":0,"2":0,"3":0,"4":0,"5":0,"6":0,"7":0,"8":0,"9":0,"10":0,"11":0,"12":0,"13":0,"14":0,"15":0,"16":0,"17":0,"18":0,"19":0,"20":0,"21":0,"22":0,"23":0,"24":0,"25":0,"26":0,"27":0,"28":0,"29":0,"30":0,"31":0,"32":0,"33":0},"b":{"1":[0,0],"2":[0,0]},"f":{"1":0,"2":0,"3":0,"4":0},"fnMap":{"1":{"name":"addressToString","line":5,"loc":{"start":{"line":5,"column":4},"end":{"line":20,"column":4}}},"2":{"name":"bytes32ToStr","line":22,"loc":{"start":{"line":22,"column":4},"end":{"line":36,"column":4}}},"3":{"name":"bytesToUint","line":38,"loc":{"start":{"line":38,"column":4},"end":{"line":50,"column":4}}},"4":{"name":"uintToStr","line":72,"loc":{"start":{"line":72,"column":4},"end":{"line":94,"column":4}}}},"statementMap":{"1":{"start":{"line":10,"column":8},"end":{"line":10,"column":60}},"2":{"start":{"line":11,"column":8},"end":{"line":11,"column":45}},"3":{"start":{"line":12,"column":8},"end":{"line":12,"column":44}},"4":{"start":{"line":13,"column":8},"end":{"line":13,"column":23}},"5":{"start":{"line":14,"column":8},"end":{"line":14,"column":23}},"6":{"start":{"line":15,"column":8},"end":{"line":15,"column":417}},"7":{"start":{"line":16,"column":12},"end":{"line":16,"column":63}},"8":{"start":{"line":17,"column":12},"end":{"line":17,"column":65}},"9":{"start":{"line":19,"column":8},"end":{"line":19,"column":30}},"10":{"start":{"line":27,"column":8},"end":{"line":27,"column":19}},"11":{"start":{"line":28,"column":8},"end":{"line":28,"column":776}},"12":{"start":{"line":31,"column":8},"end":{"line":31,"column":46}},"13":{"start":{"line":32,"column":8},"end":{"line":32,"column":896}},"14":{"start":{"line":33,"column":12},"end":{"line":33,"column":38}},"15":{"start":{"line":35,"column":8},"end":{"line":35,"column":33}},"16":{"start":{"line":43,"column":8},"end":{"line":43,"column":17}},"17":{"start":{"line":44,"column":8},"end":{"line":44,"column":1174}},"18":{"start":{"line":45,"column":12},"end":{"line":45,"column":1231}},"19":{"start":{"line":46,"column":16},"end":{"line":46,"column":56}},"20":{"start":{"line":49,"column":8},"end":{"line":49,"column":21}},"21":{"start":{"line":77,"column":8},"end":{"line":77,"column":27}},"22":{"start":{"line":78,"column":8},"end":{"line":78,"column":2802}},"23":{"start":{"line":79,"column":12},"end":{"line":79,"column":22}},"24":{"start":{"line":81,"column":8},"end":{"line":81,"column":26}},"25":{"start":{"line":82,"column":8},"end":{"line":82,"column":19}},"26":{"start":{"line":83,"column":8},"end":{"line":83,"column":2912}},"27":{"start":{"line":85,"column":12},"end":{"line":85,"column":18}},"28":{"start":{"line":87,"column":8},"end":{"line":87,"column":42}},"29":{"start":{"line":88,"column":8},"end":{"line":88,"column":27}},"30":{"start":{"line":89,"column":8},"end":{"line":89,"column":3060}},"31":{"start":{"line":90,"column":12},"end":{"line":90,"column":56}},"32":{"start":{"line":91,"column":12},"end":{"line":91,"column":23}},"33":{"start":{"line":93,"column":8},"end":{"line":93,"column":27}}},"branchMap":{"1":{"line":45,"type":"if","locations":[{"start":{"line":45,"column":12},"end":{"line":45,"column":12}},{"start":{"line":45,"column":12},"end":{"line":45,"column":12}}]},"2":{"line":78,"type":"if","locations":[{"start":{"line":78,"column":8},"end":{"line":78,"column":8}},{"start":{"line":78,"column":8},"end":{"line":78,"column":8}}]}}},"contracts/MessengerRegistry.sol":{"l":{"55":5,"60":4,"75":60,"79":59,"80":58,"85":57,"86":57,"87":57,"91":56,"92":56,"93":56,"94":56,"95":56,"96":56,"98":56,"103":54,"115":54,"133":3,"134":2,"138":1,"139":1,"140":1,"158":3,"159":3,"160":3,"162":3,"163":3,"166":3,"176":3,"184":2,"198":43},"path":"/Volumes/Work/Workspaces/dsla/stacktical-dsla-contracts/contracts/MessengerRegistry.sol","s":{"1":5,"2":4,"3":60,"4":59,"5":58,"6":57,"7":57,"8":57,"9":56,"10":56,"11":56,"12":56,"13":56,"14":56,"15":56,"16":54,"17":54,"18":3,"19":2,"20":1,"21":1,"22":1,"23":3,"24":1,"25":3,"26":2,"27":3,"28":3,"29":3,"30":3,"31":3,"32":2,"33":43},"b":{"1":[4,1],"2":[59,1],"3":[58,1],"4":[57,1],"5":[56,1],"6":[54,2],"7":[1,1],"8":[1,2],"9":[2,1]},"f":{"1":5,"2":60,"3":3,"4":3,"5":2,"6":43},"fnMap":{"1":{"name":"setSLARegistry","line":54,"loc":{"start":{"line":54,"column":4},"end":{"line":61,"column":4}}},"2":{"name":"registerMessenger","line":70,"loc":{"start":{"line":70,"column":4},"end":{"line":122,"column":4}}},"3":{"name":"modifyMessenger","line":129,"loc":{"start":{"line":129,"column":4},"end":{"line":147,"column":4}}},"4":{"name":"getMessengers","line":153,"loc":{"start":{"line":153,"column":4},"end":{"line":177,"column":4}}},"5":{"name":"getMessengersLength","line":183,"loc":{"start":{"line":183,"column":4},"end":{"line":185,"column":4}}},"6":{"name":"registeredMessengers","line":192,"loc":{"start":{"line":192,"column":4},"end":{"line":199,"column":4}}}},"statementMap":{"1":{"start":{"line":55,"column":8},"end":{"line":55,"column":1786}},"2":{"start":{"line":60,"column":8},"end":{"line":60,"column":32}},"3":{"start":{"line":75,"column":8},"end":{"line":75,"column":2414}},"4":{"start":{"line":79,"column":8},"end":{"line":79,"column":78}},"5":{"start":{"line":80,"column":8},"end":{"line":80,"column":2630}},"6":{"start":{"line":85,"column":8},"end":{"line":85,"column":60}},"7":{"start":{"line":86,"column":8},"end":{"line":86,"column":50}},"8":{"start":{"line":87,"column":8},"end":{"line":87,"column":2871}},"9":{"start":{"line":91,"column":8},"end":{"line":91,"column":58}},"10":{"start":{"line":92,"column":8},"end":{"line":92,"column":61}},"11":{"start":{"line":93,"column":8},"end":{"line":93,"column":61}},"12":{"start":{"line":94,"column":8},"end":{"line":94,"column":54}},"13":{"start":{"line":95,"column":8},"end":{"line":95,"column":39}},"14":{"start":{"line":96,"column":8},"end":{"line":96,"column":48}},"15":{"start":{"line":98,"column":8},"end":{"line":98,"column":3340}},"16":{"start":{"line":103,"column":8},"end":{"line":103,"column":3490}},"17":{"start":{"line":115,"column":8},"end":{"line":115,"column":3881}},"18":{"start":{"line":133,"column":8},"end":{"line":133,"column":69}},"19":{"start":{"line":134,"column":8},"end":{"line":134,"column":4430}},"20":{"start":{"line":138,"column":8},"end":{"line":138,"column":59}},"21":{"start":{"line":139,"column":8},"end":{"line":139,"column":48}},"22":{"start":{"line":140,"column":8},"end":{"line":140,"column":4700}},"23":{"start":{"line":158,"column":8},"end":{"line":158,"column":47}},"24":{"start":{"line":158,"column":40},"end":{"line":158,"column":46}},"25":{"start":{"line":159,"column":8},"end":{"line":159,"column":76}},"26":{"start":{"line":159,"column":45},"end":{"line":159,"column":75}},"27":{"start":{"line":160,"column":8},"end":{"line":160,"column":66}},"28":{"start":{"line":162,"column":8},"end":{"line":162,"column":5406}},"29":{"start":{"line":163,"column":12},"end":{"line":163,"column":5481}},"30":{"start":{"line":166,"column":12},"end":{"line":166,"column":5595}},"31":{"start":{"line":176,"column":8},"end":{"line":176,"column":31}},"32":{"start":{"line":184,"column":8},"end":{"line":184,"column":33}},"33":{"start":{"line":198,"column":8},"end":{"line":198,"column":55}}},"branchMap":{"1":{"line":55,"type":"if","locations":[{"start":{"line":55,"column":8},"end":{"line":55,"column":8}},{"start":{"line":55,"column":8},"end":{"line":55,"column":8}}]},"2":{"line":75,"type":"if","locations":[{"start":{"line":75,"column":8},"end":{"line":75,"column":8}},{"start":{"line":75,"column":8},"end":{"line":75,"column":8}}]},"3":{"line":79,"type":"if","locations":[{"start":{"line":79,"column":8},"end":{"line":79,"column":8}},{"start":{"line":79,"column":8},"end":{"line":79,"column":8}}]},"4":{"line":80,"type":"if","locations":[{"start":{"line":80,"column":8},"end":{"line":80,"column":8}},{"start":{"line":80,"column":8},"end":{"line":80,"column":8}}]},"5":{"line":87,"type":"if","locations":[{"start":{"line":87,"column":8},"end":{"line":87,"column":8}},{"start":{"line":87,"column":8},"end":{"line":87,"column":8}}]},"6":{"line":98,"type":"if","locations":[{"start":{"line":98,"column":8},"end":{"line":98,"column":8}},{"start":{"line":98,"column":8},"end":{"line":98,"column":8}}]},"7":{"line":134,"type":"if","locations":[{"start":{"line":134,"column":8},"end":{"line":134,"column":8}},{"start":{"line":134,"column":8},"end":{"line":134,"column":8}}]},"8":{"line":158,"type":"if","locations":[{"start":{"line":158,"column":8},"end":{"line":158,"column":8}},{"start":{"line":158,"column":8},"end":{"line":158,"column":8}}]},"9":{"line":159,"type":"if","locations":[{"start":{"line":159,"column":8},"end":{"line":159,"column":8}},{"start":{"line":159,"column":8},"end":{"line":159,"column":8}}]}}},"contracts/PeriodRegistry.sol":{"l":{"48":24,"49":19,"64":5,"65":3,"80":29,"81":28,"85":27,"88":27,"89":5,"94":22,"99":25,"100":27,"104":26,"105":4,"110":24,"111":24,"113":22,"129":5,"133":4,"134":4,"148":2,"163":8,"178":3,"182":2,"198":3,"202":2,"216":1,"217":1,"218":1,"219":1,"220":1,"221":1,"222":1,"223":1},"path":"/Volumes/Work/Workspaces/dsla/stacktical-dsla-contracts/contracts/PeriodRegistry.sol","s":{"1":24,"2":19,"3":5,"4":3,"5":29,"6":28,"7":27,"8":27,"9":5,"10":22,"11":25,"12":27,"13":26,"14":4,"15":24,"16":24,"17":22,"18":5,"19":4,"20":4,"21":2,"22":8,"23":3,"24":2,"25":3,"26":2,"27":1,"28":1,"29":1,"30":1,"31":1,"32":1,"33":1,"34":1},"b":{"1":[28,1],"2":[27,1],"3":[5,22],"4":[4,1],"5":[21,1],"6":[26,1],"7":[4,22],"8":[2,2],"9":[4,1],"10":[2,1],"11":[2,1]},"f":{"1":24,"2":5,"3":29,"4":5,"5":2,"6":8,"7":3,"8":3,"9":1},"fnMap":{"1":{"name":"initializePeriod","line":47,"loc":{"start":{"line":43,"column":4},"end":{"line":50,"column":4}}},"2":{"name":"addPeriodsToPeriodType","line":63,"loc":{"start":{"line":59,"column":4},"end":{"line":66,"column":4}}},"3":{"name":"_addPeriods","line":74,"loc":{"start":{"line":74,"column":4},"end":{"line":114,"column":4}}},"4":{"name":"getPeriodStartAndEnd","line":123,"loc":{"start":{"line":123,"column":4},"end":{"line":135,"column":4}}},"5":{"name":"isInitializedPeriod","line":142,"loc":{"start":{"line":142,"column":4},"end":{"line":149,"column":4}}},"6":{"name":"isValidPeriod","line":157,"loc":{"start":{"line":157,"column":4},"end":{"line":164,"column":4}}},"7":{"name":"periodIsFinished","line":172,"loc":{"start":{"line":172,"column":4},"end":{"line":184,"column":4}}},"8":{"name":"periodHasStarted","line":192,"loc":{"start":{"line":192,"column":4},"end":{"line":204,"column":4}}},"9":{"name":"getPeriodDefinitions","line":210,"loc":{"start":{"line":210,"column":4},"end":{"line":224,"column":4}}}},"statementMap":{"1":{"start":{"line":48,"column":8},"end":{"line":48,"column":66}},"2":{"start":{"line":49,"column":8},"end":{"line":49,"column":65}},"3":{"start":{"line":64,"column":8},"end":{"line":64,"column":65}},"4":{"start":{"line":65,"column":8},"end":{"line":65,"column":62}},"5":{"start":{"line":80,"column":8},"end":{"line":80,"column":68}},"6":{"start":{"line":81,"column":8},"end":{"line":81,"column":3091}},"7":{"start":{"line":85,"column":8},"end":{"line":85,"column":3241}},"8":{"start":{"line":88,"column":8},"end":{"line":88,"column":3351}},"9":{"start":{"line":89,"column":12},"end":{"line":89,"column":3380}},"10":{"start":{"line":94,"column":12},"end":{"line":94,"column":3524}},"11":{"start":{"line":99,"column":8},"end":{"line":99,"column":3650}},"12":{"start":{"line":100,"column":12},"end":{"line":100,"column":3731}},"13":{"start":{"line":104,"column":12},"end":{"line":104,"column":3871}},"14":{"start":{"line":105,"column":16},"end":{"line":105,"column":3931}},"15":{"start":{"line":110,"column":12},"end":{"line":110,"column":61}},"16":{"start":{"line":111,"column":12},"end":{"line":111,"column":57}},"17":{"start":{"line":113,"column":8},"end":{"line":113,"column":42}},"18":{"start":{"line":129,"column":8},"end":{"line":129,"column":4758}},"19":{"start":{"line":133,"column":8},"end":{"line":133,"column":63}},"20":{"start":{"line":134,"column":8},"end":{"line":134,"column":59}},"21":{"start":{"line":148,"column":8},"end":{"line":148,"column":63}},"22":{"start":{"line":163,"column":8},"end":{"line":163,"column":76}},"23":{"start":{"line":178,"column":8},"end":{"line":178,"column":6320}},"24":{"start":{"line":182,"column":8},"end":{"line":182,"column":6505}},"25":{"start":{"line":198,"column":8},"end":{"line":198,"column":6916}},"26":{"start":{"line":202,"column":8},"end":{"line":202,"column":7103}},"27":{"start":{"line":216,"column":8},"end":{"line":216,"column":78}},"28":{"start":{"line":217,"column":8},"end":{"line":217,"column":65}},"29":{"start":{"line":218,"column":8},"end":{"line":218,"column":64}},"30":{"start":{"line":219,"column":8},"end":{"line":219,"column":65}},"31":{"start":{"line":220,"column":8},"end":{"line":220,"column":67}},"32":{"start":{"line":221,"column":8},"end":{"line":221,"column":66}},"33":{"start":{"line":222,"column":8},"end":{"line":222,"column":65}},"34":{"start":{"line":223,"column":8},"end":{"line":223,"column":31}}},"branchMap":{"1":{"line":80,"type":"if","locations":[{"start":{"line":80,"column":8},"end":{"line":80,"column":8}},{"start":{"line":80,"column":8},"end":{"line":80,"column":8}}]},"2":{"line":81,"type":"if","locations":[{"start":{"line":81,"column":8},"end":{"line":81,"column":8}},{"start":{"line":81,"column":8},"end":{"line":81,"column":8}}]},"3":{"line":88,"type":"if","locations":[{"start":{"line":88,"column":8},"end":{"line":88,"column":8}},{"start":{"line":88,"column":8},"end":{"line":88,"column":8}}]},"4":{"line":89,"type":"if","locations":[{"start":{"line":89,"column":12},"end":{"line":89,"column":12}},{"start":{"line":89,"column":12},"end":{"line":89,"column":12}}]},"5":{"line":94,"type":"if","locations":[{"start":{"line":94,"column":12},"end":{"line":94,"column":12}},{"start":{"line":94,"column":12},"end":{"line":94,"column":12}}]},"6":{"line":100,"type":"if","locations":[{"start":{"line":100,"column":12},"end":{"line":100,"column":12}},{"start":{"line":100,"column":12},"end":{"line":100,"column":12}}]},"7":{"line":104,"type":"if","locations":[{"start":{"line":104,"column":12},"end":{"line":104,"column":12}},{"start":{"line":104,"column":12},"end":{"line":104,"column":12}}]},"8":{"line":105,"type":"if","locations":[{"start":{"line":105,"column":16},"end":{"line":105,"column":16}},{"start":{"line":105,"column":16},"end":{"line":105,"column":16}}]},"9":{"line":129,"type":"if","locations":[{"start":{"line":129,"column":8},"end":{"line":129,"column":8}},{"start":{"line":129,"column":8},"end":{"line":129,"column":8}}]},"10":{"line":178,"type":"if","locations":[{"start":{"line":178,"column":8},"end":{"line":178,"column":8}},{"start":{"line":178,"column":8},"end":{"line":178,"column":8}}]},"11":{"line":198,"type":"if","locations":[{"start":{"line":198,"column":8},"end":{"line":198,"column":8}},{"start":{"line":198,"column":8},"end":{"line":198,"column":8}}]}}},"contracts/SLA.sol":{"l":{"72":8,"73":7,"100":39,"101":39,"102":39,"103":39,"104":39,"105":39,"106":39,"107":39,"108":39,"109":39,"121":7,"122":7,"123":7,"124":7,"125":7,"126":7,"128":7,"130":7,"131":0,"132":0,"134":7,"135":7,"145":15,"154":40,"158":40,"173":28,"175":27,"177":25,"179":18,"187":18,"200":3,"206":1,"222":1,"228":0},"path":"/Volumes/Work/Workspaces/dsla/stacktical-dsla-contracts/contracts/SLA.sol","s":{"1":8,"2":39,"3":39,"4":39,"5":39,"6":39,"7":39,"8":39,"9":39,"10":39,"11":39,"12":7,"13":7,"14":7,"15":7,"16":7,"17":7,"18":7,"19":7,"20":0,"21":0,"22":7,"23":7,"24":15,"25":40,"26":40,"27":28,"28":27,"29":25,"30":18,"31":18,"32":3,"33":1,"34":1,"35":0},"b":{"1":[7,1],"2":[7,0],"3":[0,7],"4":[27,1],"5":[25,2]},"f":{"1":8,"2":39,"3":7,"4":15,"5":40,"6":28,"7":3,"8":1},"fnMap":{"1":{"name":"onlyMessenger","line":71,"loc":{"start":{"line":71,"column":4},"end":{"line":74,"column":4}}},"2":{"name":"constructor","line":98,"loc":{"start":{"line":79,"column":4},"end":{"line":110,"column":4}}},"3":{"name":"registerSLI","line":119,"loc":{"start":{"line":117,"column":4},"end":{"line":137,"column":4}}},"4":{"name":"isAllowedPeriod","line":144,"loc":{"start":{"line":144,"column":4},"end":{"line":146,"column":4}}},"5":{"name":"contractFinished","line":153,"loc":{"start":{"line":153,"column":4},"end":{"line":160,"column":4}}},"6":{"name":"stakeTokens","line":168,"loc":{"start":{"line":168,"column":4},"end":{"line":190,"column":4}}},"7":{"name":"withdrawProviderTokens","line":197,"loc":{"start":{"line":197,"column":4},"end":{"line":212,"column":4}}},"8":{"name":"withdrawUserTokens","line":219,"loc":{"start":{"line":219,"column":4},"end":{"line":234,"column":4}}}},"statementMap":{"1":{"start":{"line":72,"column":8},"end":{"line":72,"column":63}},"2":{"start":{"line":100,"column":8},"end":{"line":100,"column":32}},"3":{"start":{"line":101,"column":8},"end":{"line":101,"column":27}},"4":{"start":{"line":102,"column":8},"end":{"line":102,"column":46}},"5":{"start":{"line":103,"column":8},"end":{"line":103,"column":62}},"6":{"start":{"line":104,"column":8},"end":{"line":104,"column":41}},"7":{"start":{"line":105,"column":8},"end":{"line":105,"column":41}},"8":{"start":{"line":106,"column":8},"end":{"line":106,"column":37}},"9":{"start":{"line":107,"column":8},"end":{"line":107,"column":31}},"10":{"start":{"line":108,"column":8},"end":{"line":108,"column":29}},"11":{"start":{"line":109,"column":8},"end":{"line":109,"column":46}},"12":{"start":{"line":121,"column":8},"end":{"line":121,"column":70}},"13":{"start":{"line":122,"column":8},"end":{"line":122,"column":57}},"14":{"start":{"line":123,"column":8},"end":{"line":123,"column":43}},"15":{"start":{"line":124,"column":8},"end":{"line":124,"column":59}},"16":{"start":{"line":125,"column":8},"end":{"line":125,"column":27}},"17":{"start":{"line":126,"column":8},"end":{"line":126,"column":44}},"18":{"start":{"line":128,"column":8},"end":{"line":128,"column":74}},"19":{"start":{"line":130,"column":8},"end":{"line":130,"column":3896}},"20":{"start":{"line":131,"column":12},"end":{"line":131,"column":46}},"21":{"start":{"line":132,"column":12},"end":{"line":132,"column":51}},"22":{"start":{"line":134,"column":12},"end":{"line":134,"column":49}},"23":{"start":{"line":135,"column":12},"end":{"line":135,"column":47}},"24":{"start":{"line":145,"column":8},"end":{"line":145,"column":73}},"25":{"start":{"line":154,"column":8},"end":{"line":154,"column":4825}},"26":{"start":{"line":158,"column":8},"end":{"line":158,"column":5025}},"27":{"start":{"line":173,"column":8},"end":{"line":173,"column":63}},"28":{"start":{"line":175,"column":8},"end":{"line":175,"column":60}},"29":{"start":{"line":177,"column":8},"end":{"line":177,"column":70}},"30":{"start":{"line":179,"column":8},"end":{"line":179,"column":5665}},"31":{"start":{"line":187,"column":8},"end":{"line":187,"column":5824}},"32":{"start":{"line":200,"column":8},"end":{"line":200,"column":6225}},"33":{"start":{"line":206,"column":8},"end":{"line":206,"column":6383}},"34":{"start":{"line":222,"column":8},"end":{"line":222,"column":6816}},"35":{"start":{"line":228,"column":8},"end":{"line":228,"column":6970}}},"branchMap":{"1":{"line":72,"type":"if","locations":[{"start":{"line":72,"column":8},"end":{"line":72,"column":8}},{"start":{"line":72,"column":8},"end":{"line":72,"column":8}}]},"2":{"line":121,"type":"if","locations":[{"start":{"line":121,"column":8},"end":{"line":121,"column":8}},{"start":{"line":121,"column":8},"end":{"line":121,"column":8}}]},"3":{"line":130,"type":"if","locations":[{"start":{"line":130,"column":8},"end":{"line":130,"column":8}},{"start":{"line":130,"column":8},"end":{"line":130,"column":8}}]},"4":{"line":173,"type":"if","locations":[{"start":{"line":173,"column":8},"end":{"line":173,"column":8}},{"start":{"line":173,"column":8},"end":{"line":173,"column":8}}]},"5":{"line":175,"type":"if","locations":[{"start":{"line":175,"column":8},"end":{"line":175,"column":8}},{"start":{"line":175,"column":8},"end":{"line":175,"column":8}}]}}},"contracts/SLARegistry.sol":{"l":{"63":8,"64":7,"68":6,"72":5,"76":4,"77":4,"78":4,"79":4,"80":4,"81":4,"82":4,"83":4,"111":41,"118":41,"125":41,"129":41,"131":41,"132":0,"140":41,"147":40,"160":39,"165":39,"170":39,"171":39,"172":39,"173":39,"189":16,"190":15,"194":13,"195":13,"199":13,"200":13,"207":13,"208":13,"214":13,"227":5,"228":4,"229":3,"230":2,"231":2,"243":59,"248":54,"261":1,"262":1,"264":1,"265":1,"274":35,"288":75,"296":41,"304":63,"312":1,"320":59,"328":1},"path":"/Volumes/Work/Workspaces/dsla/stacktical-dsla-contracts/contracts/SLARegistry.sol","s":{"1":8,"2":7,"3":6,"4":5,"5":4,"6":4,"7":4,"8":4,"9":4,"10":4,"11":4,"12":4,"13":41,"14":41,"15":41,"16":41,"17":41,"18":0,"19":41,"20":40,"21":39,"22":39,"23":39,"24":39,"25":39,"26":39,"27":16,"28":15,"29":13,"30":13,"31":13,"32":13,"33":13,"34":13,"35":13,"36":5,"37":4,"38":3,"39":2,"40":2,"41":59,"42":54,"43":1,"44":1,"45":1,"46":1,"47":35,"48":75,"49":41,"50":63,"51":1,"52":59,"53":1},"b":{"1":[7,1],"2":[6,1],"3":[5,1],"4":[4,1],"5":[41,0],"6":[41,0],"7":[41,0],"8":[41,0],"9":[0,41],"10":[0,0],"11":[40,1],"12":[15,1],"13":[13,2],"14":[13,0],"15":[13,0],"16":[13,0],"17":[4,1],"18":[3,1],"19":[2,1]},"f":{"1":8,"2":41,"3":16,"4":5,"5":59,"6":1,"7":35,"8":75,"9":41,"10":63,"11":1,"12":59,"13":1},"fnMap":{"1":{"name":"constructor","line":56,"loc":{"start":{"line":56,"column":4},"end":{"line":84,"column":4}}},"2":{"name":"createSLA","line":110,"loc":{"start":{"line":99,"column":4},"end":{"line":174,"column":4}}},"3":{"name":"requestSLI","line":188,"loc":{"start":{"line":184,"column":4},"end":{"line":219,"column":4}}},"4":{"name":"returnLockedValue","line":226,"loc":{"start":{"line":226,"column":4},"end":{"line":232,"column":4}}},"5":{"name":"registerMessenger","line":242,"loc":{"start":{"line":239,"column":4},"end":{"line":249,"column":4}}},"6":{"name":"userSLAs","line":256,"loc":{"start":{"line":256,"column":4},"end":{"line":267,"column":4}}},"7":{"name":"allSLAs","line":273,"loc":{"start":{"line":273,"column":4},"end":{"line":275,"column":4}}},"8":{"name":"isRegisteredSLA","line":282,"loc":{"start":{"line":282,"column":4},"end":{"line":289,"column":4}}},"9":{"name":"sloRegistry","line":295,"loc":{"start":{"line":295,"column":4},"end":{"line":297,"column":4}}},"10":{"name":"periodRegistry","line":303,"loc":{"start":{"line":303,"column":4},"end":{"line":305,"column":4}}},"11":{"name":"messengerRegistry","line":311,"loc":{"start":{"line":311,"column":4},"end":{"line":313,"column":4}}},"12":{"name":"stakeRegistry","line":319,"loc":{"start":{"line":319,"column":4},"end":{"line":321,"column":4}}},"13":{"name":"checkPastPeriod","line":327,"loc":{"start":{"line":327,"column":4},"end":{"line":329,"column":4}}}},"statementMap":{"1":{"start":{"line":63,"column":8},"end":{"line":63,"column":75}},"2":{"start":{"line":64,"column":8},"end":{"line":64,"column":2321}},"3":{"start":{"line":68,"column":8},"end":{"line":68,"column":2439}},"4":{"start":{"line":72,"column":8},"end":{"line":72,"column":2563}},"5":{"start":{"line":76,"column":8},"end":{"line":76,"column":34}},"6":{"start":{"line":77,"column":8},"end":{"line":77,"column":49}},"7":{"start":{"line":78,"column":8},"end":{"line":78,"column":40}},"8":{"start":{"line":79,"column":8},"end":{"line":79,"column":38}},"9":{"start":{"line":80,"column":8},"end":{"line":80,"column":54}},"10":{"start":{"line":81,"column":8},"end":{"line":81,"column":46}},"11":{"start":{"line":82,"column":8},"end":{"line":82,"column":62}},"12":{"start":{"line":83,"column":8},"end":{"line":83,"column":42}},"13":{"start":{"line":111,"column":8},"end":{"line":111,"column":3914}},"14":{"start":{"line":118,"column":8},"end":{"line":118,"column":4110}},"15":{"start":{"line":125,"column":8},"end":{"line":125,"column":4304}},"16":{"start":{"line":129,"column":8},"end":{"line":129,"column":75}},"17":{"start":{"line":131,"column":8},"end":{"line":131,"column":4527}},"18":{"start":{"line":132,"column":12},"end":{"line":132,"column":4567}},"19":{"start":{"line":140,"column":8},"end":{"line":140,"column":4792}},"20":{"start":{"line":147,"column":8},"end":{"line":147,"column":4976}},"21":{"start":{"line":160,"column":8},"end":{"line":160,"column":5281}},"22":{"start":{"line":165,"column":8},"end":{"line":165,"column":5409}},"23":{"start":{"line":170,"column":8},"end":{"line":170,"column":54}},"24":{"start":{"line":171,"column":8},"end":{"line":171,"column":21}},"25":{"start":{"line":172,"column":8},"end":{"line":172,"column":43}},"26":{"start":{"line":173,"column":8},"end":{"line":173,"column":40}},"27":{"start":{"line":189,"column":8},"end":{"line":189,"column":72}},"28":{"start":{"line":190,"column":8},"end":{"line":190,"column":6291}},"29":{"start":{"line":194,"column":8},"end":{"line":194,"column":60}},"30":{"start":{"line":195,"column":8},"end":{"line":195,"column":6474}},"31":{"start":{"line":199,"column":8},"end":{"line":199,"column":65}},"32":{"start":{"line":200,"column":8},"end":{"line":200,"column":6666}},"33":{"start":{"line":207,"column":8},"end":{"line":207,"column":63}},"34":{"start":{"line":208,"column":8},"end":{"line":208,"column":6930}},"35":{"start":{"line":214,"column":8},"end":{"line":214,"column":7098}},"36":{"start":{"line":227,"column":8},"end":{"line":227,"column":72}},"37":{"start":{"line":228,"column":8},"end":{"line":228,"column":77}},"38":{"start":{"line":229,"column":8},"end":{"line":229,"column":71}},"39":{"start":{"line":230,"column":8},"end":{"line":230,"column":57}},"40":{"start":{"line":231,"column":8},"end":{"line":231,"column":70}},"41":{"start":{"line":243,"column":8},"end":{"line":243,"column":8201}},"42":{"start":{"line":248,"column":8},"end":{"line":248,"column":53}},"43":{"start":{"line":261,"column":8},"end":{"line":261,"column":55}},"44":{"start":{"line":262,"column":8},"end":{"line":262,"column":33}},"45":{"start":{"line":264,"column":8},"end":{"line":264,"column":8810}},"46":{"start":{"line":265,"column":12},"end":{"line":265,"column":59}},"47":{"start":{"line":274,"column":8},"end":{"line":274,"column":21}},"48":{"start":{"line":288,"column":8},"end":{"line":288,"column":43}},"49":{"start":{"line":296,"column":8},"end":{"line":296,"column":27}},"50":{"start":{"line":304,"column":8},"end":{"line":304,"column":30}},"51":{"start":{"line":312,"column":8},"end":{"line":312,"column":33}},"52":{"start":{"line":320,"column":8},"end":{"line":320,"column":29}},"53":{"start":{"line":328,"column":8},"end":{"line":328,"column":31}}},"branchMap":{"1":{"line":63,"type":"if","locations":[{"start":{"line":63,"column":8},"end":{"line":63,"column":8}},{"start":{"line":63,"column":8},"end":{"line":63,"column":8}}]},"2":{"line":64,"type":"if","locations":[{"start":{"line":64,"column":8},"end":{"line":64,"column":8}},{"start":{"line":64,"column":8},"end":{"line":64,"column":8}}]},"3":{"line":68,"type":"if","locations":[{"start":{"line":68,"column":8},"end":{"line":68,"column":8}},{"start":{"line":68,"column":8},"end":{"line":68,"column":8}}]},"4":{"line":72,"type":"if","locations":[{"start":{"line":72,"column":8},"end":{"line":72,"column":8}},{"start":{"line":72,"column":8},"end":{"line":72,"column":8}}]},"5":{"line":111,"type":"if","locations":[{"start":{"line":111,"column":8},"end":{"line":111,"column":8}},{"start":{"line":111,"column":8},"end":{"line":111,"column":8}}]},"6":{"line":118,"type":"if","locations":[{"start":{"line":118,"column":8},"end":{"line":118,"column":8}},{"start":{"line":118,"column":8},"end":{"line":118,"column":8}}]},"7":{"line":125,"type":"if","locations":[{"start":{"line":125,"column":8},"end":{"line":125,"column":8}},{"start":{"line":125,"column":8},"end":{"line":125,"column":8}}]},"8":{"line":129,"type":"if","locations":[{"start":{"line":129,"column":8},"end":{"line":129,"column":8}},{"start":{"line":129,"column":8},"end":{"line":129,"column":8}}]},"9":{"line":131,"type":"if","locations":[{"start":{"line":131,"column":8},"end":{"line":131,"column":8}},{"start":{"line":131,"column":8},"end":{"line":131,"column":8}}]},"10":{"line":132,"type":"if","locations":[{"start":{"line":132,"column":12},"end":{"line":132,"column":12}},{"start":{"line":132,"column":12},"end":{"line":132,"column":12}}]},"11":{"line":140,"type":"if","locations":[{"start":{"line":140,"column":8},"end":{"line":140,"column":8}},{"start":{"line":140,"column":8},"end":{"line":140,"column":8}}]},"12":{"line":189,"type":"if","locations":[{"start":{"line":189,"column":8},"end":{"line":189,"column":8}},{"start":{"line":189,"column":8},"end":{"line":189,"column":8}}]},"13":{"line":190,"type":"if","locations":[{"start":{"line":190,"column":8},"end":{"line":190,"column":8}},{"start":{"line":190,"column":8},"end":{"line":190,"column":8}}]},"14":{"line":195,"type":"if","locations":[{"start":{"line":195,"column":8},"end":{"line":195,"column":8}},{"start":{"line":195,"column":8},"end":{"line":195,"column":8}}]},"15":{"line":199,"type":"if","locations":[{"start":{"line":199,"column":8},"end":{"line":199,"column":8}},{"start":{"line":199,"column":8},"end":{"line":199,"column":8}}]},"16":{"line":200,"type":"if","locations":[{"start":{"line":200,"column":8},"end":{"line":200,"column":8}},{"start":{"line":200,"column":8},"end":{"line":200,"column":8}}]},"17":{"line":227,"type":"if","locations":[{"start":{"line":227,"column":8},"end":{"line":227,"column":8}},{"start":{"line":227,"column":8},"end":{"line":227,"column":8}}]},"18":{"line":228,"type":"if","locations":[{"start":{"line":228,"column":8},"end":{"line":228,"column":8}},{"start":{"line":228,"column":8},"end":{"line":228,"column":8}}]},"19":{"line":229,"type":"if","locations":[{"start":{"line":229,"column":8},"end":{"line":229,"column":8}},{"start":{"line":229,"column":8},"end":{"line":229,"column":8}}]}}},"contracts/SLORegistry.sol":{"l":{"37":40,"41":39,"50":5,"54":4,"69":39,"73":39,"86":23,"87":23,"89":23,"90":2,"92":2,"94":3,"96":3,"98":10,"100":3,"102":0,"117":17,"118":17,"125":17,"130":17,"131":11,"133":17,"135":1,"138":1,"140":2,"142":2,"144":9,"146":2,"148":0},"path":"/Volumes/Work/Workspaces/dsla/stacktical-dsla-contracts/contracts/SLORegistry.sol","s":{"1":40,"2":5,"3":4,"4":39,"5":39,"6":23,"7":23,"8":23,"9":2,"10":21,"11":2,"12":19,"13":3,"14":16,"15":3,"16":13,"17":10,"18":3,"19":3,"20":0,"21":17,"22":17,"23":17,"24":17,"25":11,"26":17,"27":1,"28":16,"29":1,"30":15,"31":2,"32":13,"33":2,"34":11,"35":9,"36":2,"37":2,"38":0},"b":{"1":[39,1],"2":[4,1],"3":[2,21],"4":[2,19],"5":[3,16],"6":[3,13],"7":[10,3],"8":[3,0],"9":[11,6],"10":[1,16],"11":[1,15],"12":[2,13],"13":[2,11],"14":[9,2],"15":[2,0]},"f":{"1":40,"2":5,"3":39,"4":23,"5":17},"fnMap":{"1":{"name":"onlySLARegistry","line":36,"loc":{"start":{"line":36,"column":4},"end":{"line":42,"column":4}}},"2":{"name":"setSLARegistry","line":48,"loc":{"start":{"line":48,"column":4},"end":{"line":55,"column":4}}},"3":{"name":"registerSLO","line":68,"loc":{"start":{"line":64,"column":4},"end":{"line":74,"column":4}}},"4":{"name":"isRespected","line":81,"loc":{"start":{"line":81,"column":4},"end":{"line":104,"column":4}}},"5":{"name":"getDeviation","line":112,"loc":{"start":{"line":112,"column":4},"end":{"line":150,"column":4}}}},"statementMap":{"1":{"start":{"line":37,"column":8},"end":{"line":37,"column":1045}},"2":{"start":{"line":50,"column":8},"end":{"line":50,"column":1404}},"3":{"start":{"line":54,"column":8},"end":{"line":54,"column":31}},"4":{"start":{"line":69,"column":8},"end":{"line":69,"column":1940}},"5":{"start":{"line":73,"column":8},"end":{"line":73,"column":60}},"6":{"start":{"line":86,"column":8},"end":{"line":86,"column":60}},"7":{"start":{"line":87,"column":8},"end":{"line":87,"column":62}},"8":{"start":{"line":89,"column":8},"end":{"line":89,"column":2569}},"9":{"start":{"line":90,"column":12},"end":{"line":90,"column":37}},"10":{"start":{"line":91,"column":15},"end":{"line":91,"column":2657}},"11":{"start":{"line":92,"column":12},"end":{"line":92,"column":37}},"12":{"start":{"line":93,"column":15},"end":{"line":93,"column":2748}},"13":{"start":{"line":94,"column":12},"end":{"line":94,"column":36}},"14":{"start":{"line":95,"column":15},"end":{"line":95,"column":2839}},"15":{"start":{"line":96,"column":12},"end":{"line":96,"column":37}},"16":{"start":{"line":97,"column":15},"end":{"line":97,"column":2936}},"17":{"start":{"line":98,"column":12},"end":{"line":98,"column":36}},"18":{"start":{"line":99,"column":15},"end":{"line":99,"column":3027}},"19":{"start":{"line":100,"column":12},"end":{"line":100,"column":37}},"20":{"start":{"line":102,"column":12},"end":{"line":102,"column":24}},"21":{"start":{"line":117,"column":8},"end":{"line":117,"column":60}},"22":{"start":{"line":118,"column":8},"end":{"line":118,"column":62}},"23":{"start":{"line":125,"column":8},"end":{"line":125,"column":4089}},"24":{"start":{"line":130,"column":8},"end":{"line":130,"column":4242}},"25":{"start":{"line":131,"column":12},"end":{"line":131,"column":39}},"26":{"start":{"line":133,"column":8},"end":{"line":133,"column":4338}},"27":{"start":{"line":135,"column":12},"end":{"line":135,"column":35}},"28":{"start":{"line":136,"column":15},"end":{"line":136,"column":4509}},"29":{"start":{"line":138,"column":12},"end":{"line":138,"column":35}},"30":{"start":{"line":139,"column":15},"end":{"line":139,"column":4683}},"31":{"start":{"line":140,"column":12},"end":{"line":140,"column":28}},"32":{"start":{"line":141,"column":15},"end":{"line":141,"column":4766}},"33":{"start":{"line":142,"column":12},"end":{"line":142,"column":28}},"34":{"start":{"line":143,"column":15},"end":{"line":143,"column":4854}},"35":{"start":{"line":144,"column":12},"end":{"line":144,"column":28}},"36":{"start":{"line":145,"column":15},"end":{"line":145,"column":4937}},"37":{"start":{"line":146,"column":12},"end":{"line":146,"column":28}},"38":{"start":{"line":148,"column":12},"end":{"line":148,"column":20}}},"branchMap":{"1":{"line":37,"type":"if","locations":[{"start":{"line":37,"column":8},"end":{"line":37,"column":8}},{"start":{"line":37,"column":8},"end":{"line":37,"column":8}}]},"2":{"line":50,"type":"if","locations":[{"start":{"line":50,"column":8},"end":{"line":50,"column":8}},{"start":{"line":50,"column":8},"end":{"line":50,"column":8}}]},"3":{"line":89,"type":"if","locations":[{"start":{"line":89,"column":8},"end":{"line":89,"column":8}},{"start":{"line":89,"column":8},"end":{"line":89,"column":8}}]},"4":{"line":91,"type":"if","locations":[{"start":{"line":91,"column":15},"end":{"line":91,"column":15}},{"start":{"line":91,"column":15},"end":{"line":91,"column":15}}]},"5":{"line":93,"type":"if","locations":[{"start":{"line":93,"column":15},"end":{"line":93,"column":15}},{"start":{"line":93,"column":15},"end":{"line":93,"column":15}}]},"6":{"line":95,"type":"if","locations":[{"start":{"line":95,"column":15},"end":{"line":95,"column":15}},{"start":{"line":95,"column":15},"end":{"line":95,"column":15}}]},"7":{"line":97,"type":"if","locations":[{"start":{"line":97,"column":15},"end":{"line":97,"column":15}},{"start":{"line":97,"column":15},"end":{"line":97,"column":15}}]},"8":{"line":99,"type":"if","locations":[{"start":{"line":99,"column":15},"end":{"line":99,"column":15}},{"start":{"line":99,"column":15},"end":{"line":99,"column":15}}]},"9":{"line":130,"type":"if","locations":[{"start":{"line":130,"column":8},"end":{"line":130,"column":8}},{"start":{"line":130,"column":8},"end":{"line":130,"column":8}}]},"10":{"line":133,"type":"if","locations":[{"start":{"line":133,"column":8},"end":{"line":133,"column":8}},{"start":{"line":133,"column":8},"end":{"line":133,"column":8}}]},"11":{"line":136,"type":"if","locations":[{"start":{"line":136,"column":15},"end":{"line":136,"column":15}},{"start":{"line":136,"column":15},"end":{"line":136,"column":15}}]},"12":{"line":139,"type":"if","locations":[{"start":{"line":139,"column":15},"end":{"line":139,"column":15}},{"start":{"line":139,"column":15},"end":{"line":139,"column":15}}]},"13":{"line":141,"type":"if","locations":[{"start":{"line":141,"column":15},"end":{"line":141,"column":15}},{"start":{"line":141,"column":15},"end":{"line":141,"column":15}}]},"14":{"line":143,"type":"if","locations":[{"start":{"line":143,"column":15},"end":{"line":143,"column":15}},{"start":{"line":143,"column":15},"end":{"line":143,"column":15}}]},"15":{"line":145,"type":"if","locations":[{"start":{"line":145,"column":15},"end":{"line":145,"column":15}},{"start":{"line":145,"column":15},"end":{"line":145,"column":15}}]}}},"contracts/StakeRegistry.sol":{"l":{"143":56,"147":54,"155":7,"159":6,"167":6,"168":6,"177":5,"182":4,"191":2,"195":1,"209":21,"210":21,"211":18,"214":3,"229":20,"242":19,"246":18,"247":17,"249":18,"264":33,"268":32,"269":32,"270":32,"271":32,"286":39,"287":39,"292":39,"293":39,"294":39,"295":39,"296":39,"297":39,"298":39,"299":39,"300":39,"315":13,"316":13,"320":12,"321":12,"322":12,"326":12,"330":12,"334":12,"335":12,"341":12,"343":12,"364":2,"365":2,"366":2,"367":0,"368":0,"372":0,"391":2,"392":2,"393":2,"394":2,"395":2,"396":2,"397":2,"398":2,"399":2,"400":2,"408":1,"440":58,"441":58,"442":58,"443":58,"444":58,"445":58,"446":58,"447":58,"448":58,"462":1,"470":41,"479":20},"path":"/Volumes/Work/Workspaces/dsla/stacktical-dsla-contracts/contracts/StakeRegistry.sol","s":{"1":56,"2":7,"3":6,"4":6,"5":6,"6":5,"7":4,"8":2,"9":1,"10":21,"11":21,"12":18,"13":3,"14":20,"15":19,"16":18,"17":17,"18":18,"19":33,"20":32,"21":32,"22":32,"23":32,"24":39,"25":39,"26":39,"27":39,"28":39,"29":39,"30":39,"31":39,"32":39,"33":39,"34":39,"35":13,"36":13,"37":12,"38":12,"39":12,"40":12,"41":12,"42":12,"43":12,"44":12,"45":12,"46":2,"47":2,"48":2,"49":0,"50":0,"51":0,"52":2,"53":2,"54":2,"55":2,"56":2,"57":2,"58":2,"59":2,"60":2,"61":2,"62":1,"63":58,"64":58,"65":58,"66":58,"67":58,"68":58,"69":58,"70":58,"71":58,"72":1,"73":41,"74":20},"b":{"1":[54,2],"2":[6,1],"3":[6,0],"4":[4,1],"5":[1,1],"6":[18,3],"7":[18,1],"8":[17,1],"9":[32,1],"10":[12,1],"11":[12,0],"12":[12,0],"13":[0,2],"14":[1,1]},"f":{"1":56,"2":7,"3":5,"4":2,"5":21,"6":20,"7":19,"8":33,"9":39,"10":13,"11":2,"12":2,"13":58,"14":1,"15":41,"16":20},"fnMap":{"1":{"name":"onlySLARegistry","line":142,"loc":{"start":{"line":142,"column":4},"end":{"line":148,"column":4}}},"2":{"name":"constructor","line":154,"loc":{"start":{"line":154,"column":4},"end":{"line":169,"column":4}}},"3":{"name":"setSLARegistry","line":175,"loc":{"start":{"line":175,"column":4},"end":{"line":183,"column":4}}},"4":{"name":"addAllowedTokens","line":190,"loc":{"start":{"line":190,"column":4},"end":{"line":196,"column":4}}},"5":{"name":"isAllowedToken","line":203,"loc":{"start":{"line":203,"column":4},"end":{"line":215,"column":4}}},"6":{"name":"slaWasStakedByUser","line":224,"loc":{"start":{"line":224,"column":4},"end":{"line":230,"column":4}}},"7":{"name":"registerStakedSla","line":237,"loc":{"start":{"line":237,"column":4},"end":{"line":250,"column":4}}},"8":{"name":"createDToken","line":259,"loc":{"start":{"line":259,"column":4},"end":{"line":272,"column":4}}},"9":{"name":"lockDSLAValue","line":285,"loc":{"start":{"line":281,"column":4},"end":{"line":301,"column":4}}},"10":{"name":"distributeVerificationRewards","line":314,"loc":{"start":{"line":310,"column":4},"end":{"line":351,"column":4}}},"11":{"name":"returnLockedValue","line":362,"loc":{"start":{"line":358,"column":4},"end":{"line":373,"column":4}}},"12":{"name":"setStakingParameters","line":390,"loc":{"start":{"line":380,"column":4},"end":{"line":419,"column":4}}},"13":{"name":"getStakingParameters","line":424,"loc":{"start":{"line":424,"column":4},"end":{"line":449,"column":4}}},"14":{"name":"periodIsVerified","line":457,"loc":{"start":{"line":457,"column":4},"end":{"line":463,"column":4}}},"15":{"name":"DSLATokenAddress","line":469,"loc":{"start":{"line":469,"column":4},"end":{"line":471,"column":4}}},"16":{"name":"owner","line":473,"loc":{"start":{"line":473,"column":4},"end":{"line":480,"column":4}}}},"statementMap":{"1":{"start":{"line":143,"column":8},"end":{"line":143,"column":4973}},"2":{"start":{"line":155,"column":8},"end":{"line":155,"column":5249}},"3":{"start":{"line":159,"column":8},"end":{"line":159,"column":5365}},"4":{"start":{"line":167,"column":8},"end":{"line":167,"column":44}},"5":{"start":{"line":168,"column":8},"end":{"line":168,"column":44}},"6":{"start":{"line":177,"column":8},"end":{"line":177,"column":5986}},"7":{"start":{"line":182,"column":8},"end":{"line":182,"column":45}},"8":{"start":{"line":191,"column":8},"end":{"line":191,"column":6452}},"9":{"start":{"line":195,"column":8},"end":{"line":195,"column":40}},"10":{"start":{"line":209,"column":8},"end":{"line":209,"column":6911}},"11":{"start":{"line":210,"column":12},"end":{"line":210,"column":6992}},"12":{"start":{"line":211,"column":16},"end":{"line":211,"column":27}},"13":{"start":{"line":214,"column":8},"end":{"line":214,"column":20}},"14":{"start":{"line":229,"column":8},"end":{"line":229,"column":42}},"15":{"start":{"line":242,"column":8},"end":{"line":242,"column":7830}},"16":{"start":{"line":246,"column":8},"end":{"line":246,"column":7950}},"17":{"start":{"line":247,"column":12},"end":{"line":247,"column":52}},"18":{"start":{"line":249,"column":8},"end":{"line":249,"column":19}},"19":{"start":{"line":264,"column":8},"end":{"line":264,"column":8496}},"20":{"start":{"line":268,"column":8},"end":{"line":268,"column":64}},"21":{"start":{"line":269,"column":8},"end":{"line":269,"column":63}},"22":{"start":{"line":270,"column":8},"end":{"line":270,"column":74}},"23":{"start":{"line":271,"column":8},"end":{"line":271,"column":33}},"24":{"start":{"line":286,"column":8},"end":{"line":286,"column":69}},"25":{"start":{"line":287,"column":8},"end":{"line":287,"column":9343}},"26":{"start":{"line":292,"column":8},"end":{"line":292,"column":63}},"27":{"start":{"line":293,"column":8},"end":{"line":293,"column":45}},"28":{"start":{"line":294,"column":8},"end":{"line":294,"column":57}},"29":{"start":{"line":295,"column":8},"end":{"line":295,"column":62}},"30":{"start":{"line":296,"column":8},"end":{"line":296,"column":60}},"31":{"start":{"line":297,"column":8},"end":{"line":297,"column":62}},"32":{"start":{"line":298,"column":8},"end":{"line":298,"column":52}},"33":{"start":{"line":299,"column":8},"end":{"line":299,"column":72}},"34":{"start":{"line":300,"column":8},"end":{"line":300,"column":54}},"35":{"start":{"line":315,"column":8},"end":{"line":315,"column":63}},"36":{"start":{"line":316,"column":8},"end":{"line":316,"column":10601}},"37":{"start":{"line":320,"column":8},"end":{"line":320,"column":53}},"38":{"start":{"line":321,"column":8},"end":{"line":321,"column":67}},"39":{"start":{"line":322,"column":8},"end":{"line":322,"column":10858}},"40":{"start":{"line":326,"column":8},"end":{"line":326,"column":10998}},"41":{"start":{"line":330,"column":8},"end":{"line":330,"column":11122}},"42":{"start":{"line":334,"column":8},"end":{"line":334,"column":11288}},"43":{"start":{"line":335,"column":12},"end":{"line":335,"column":11322}},"44":{"start":{"line":341,"column":12},"end":{"line":341,"column":50}},"45":{"start":{"line":343,"column":8},"end":{"line":343,"column":11626}},"46":{"start":{"line":364,"column":8},"end":{"line":364,"column":63}},"47":{"start":{"line":365,"column":8},"end":{"line":365,"column":59}},"48":{"start":{"line":366,"column":8},"end":{"line":366,"column":61}},"49":{"start":{"line":367,"column":8},"end":{"line":367,"column":35}},"50":{"start":{"line":368,"column":8},"end":{"line":368,"column":12454}},"51":{"start":{"line":372,"column":8},"end":{"line":372,"column":75}},"52":{"start":{"line":391,"column":8},"end":{"line":391,"column":35}},"53":{"start":{"line":392,"column":8},"end":{"line":392,"column":49}},"54":{"start":{"line":393,"column":8},"end":{"line":393,"column":47}},"55":{"start":{"line":394,"column":8},"end":{"line":394,"column":49}},"56":{"start":{"line":395,"column":8},"end":{"line":395,"column":39}},"57":{"start":{"line":396,"column":8},"end":{"line":396,"column":59}},"58":{"start":{"line":397,"column":8},"end":{"line":397,"column":39}},"59":{"start":{"line":398,"column":8},"end":{"line":398,"column":33}},"60":{"start":{"line":399,"column":8},"end":{"line":399,"column":27}},"61":{"start":{"line":400,"column":8},"end":{"line":400,"column":13585}},"62":{"start":{"line":408,"column":8},"end":{"line":408,"column":13875}},"63":{"start":{"line":440,"column":8},"end":{"line":440,"column":35}},"64":{"start":{"line":441,"column":8},"end":{"line":441,"column":49}},"65":{"start":{"line":442,"column":8},"end":{"line":442,"column":47}},"66":{"start":{"line":443,"column":8},"end":{"line":443,"column":49}},"67":{"start":{"line":444,"column":8},"end":{"line":444,"column":39}},"68":{"start":{"line":445,"column":8},"end":{"line":445,"column":59}},"69":{"start":{"line":446,"column":8},"end":{"line":446,"column":39}},"70":{"start":{"line":447,"column":8},"end":{"line":447,"column":33}},"71":{"start":{"line":448,"column":8},"end":{"line":448,"column":27}},"72":{"start":{"line":462,"column":8},"end":{"line":462,"column":62}},"73":{"start":{"line":470,"column":8},"end":{"line":470,"column":32}},"74":{"start":{"line":479,"column":8},"end":{"line":479,"column":28}}},"branchMap":{"1":{"line":143,"type":"if","locations":[{"start":{"line":143,"column":8},"end":{"line":143,"column":8}},{"start":{"line":143,"column":8},"end":{"line":143,"column":8}}]},"2":{"line":155,"type":"if","locations":[{"start":{"line":155,"column":8},"end":{"line":155,"column":8}},{"start":{"line":155,"column":8},"end":{"line":155,"column":8}}]},"3":{"line":159,"type":"if","locations":[{"start":{"line":159,"column":8},"end":{"line":159,"column":8}},{"start":{"line":159,"column":8},"end":{"line":159,"column":8}}]},"4":{"line":177,"type":"if","locations":[{"start":{"line":177,"column":8},"end":{"line":177,"column":8}},{"start":{"line":177,"column":8},"end":{"line":177,"column":8}}]},"5":{"line":191,"type":"if","locations":[{"start":{"line":191,"column":8},"end":{"line":191,"column":8}},{"start":{"line":191,"column":8},"end":{"line":191,"column":8}}]},"6":{"line":210,"type":"if","locations":[{"start":{"line":210,"column":12},"end":{"line":210,"column":12}},{"start":{"line":210,"column":12},"end":{"line":210,"column":12}}]},"7":{"line":242,"type":"if","locations":[{"start":{"line":242,"column":8},"end":{"line":242,"column":8}},{"start":{"line":242,"column":8},"end":{"line":242,"column":8}}]},"8":{"line":246,"type":"if","locations":[{"start":{"line":246,"column":8},"end":{"line":246,"column":8}},{"start":{"line":246,"column":8},"end":{"line":246,"column":8}}]},"9":{"line":264,"type":"if","locations":[{"start":{"line":264,"column":8},"end":{"line":264,"column":8}},{"start":{"line":264,"column":8},"end":{"line":264,"column":8}}]},"10":{"line":316,"type":"if","locations":[{"start":{"line":316,"column":8},"end":{"line":316,"column":8}},{"start":{"line":316,"column":8},"end":{"line":316,"column":8}}]},"11":{"line":334,"type":"if","locations":[{"start":{"line":334,"column":8},"end":{"line":334,"column":8}},{"start":{"line":334,"column":8},"end":{"line":334,"column":8}}]},"12":{"line":341,"type":"if","locations":[{"start":{"line":341,"column":12},"end":{"line":341,"column":12}},{"start":{"line":341,"column":12},"end":{"line":341,"column":12}}]},"13":{"line":366,"type":"if","locations":[{"start":{"line":366,"column":8},"end":{"line":366,"column":8}},{"start":{"line":366,"column":8},"end":{"line":366,"column":8}}]},"14":{"line":400,"type":"if","locations":[{"start":{"line":400,"column":8},"end":{"line":400,"column":8}},{"start":{"line":400,"column":8},"end":{"line":400,"column":8}}]}}},"contracts/Staking.sol":{"l":{"85":29,"86":28,"90":24,"91":5,"93":22,"142":41,"143":40,"144":40,"145":40,"146":40,"147":40,"158":40,"159":40,"160":40,"161":40,"162":40,"166":39,"167":39,"179":2,"180":2,"181":2,"195":1,"196":1,"197":1,"209":18,"212":18,"217":17,"221":16,"223":16,"225":16,"226":16,"228":16,"229":16,"232":16,"234":16,"238":16,"242":16,"243":16,"244":16,"268":22,"275":20,"276":4,"282":2,"283":2,"286":2,"287":2,"290":0,"295":2,"296":2,"300":18,"301":16,"302":16,"304":16,"305":14,"308":2,"313":16,"314":16,"317":18,"318":17,"319":17,"331":0,"332":0,"333":0,"335":0,"339":0,"342":0,"347":0,"348":0,"350":0,"368":7,"369":7,"370":4,"372":4,"377":4,"381":0,"386":4,"387":4,"389":4,"412":3,"413":2,"419":0,"426":1,"429":1,"433":1,"434":1,"438":1,"454":1,"455":1,"461":0,"464":0,"468":0,"469":0,"473":0,"486":1,"487":1,"488":1,"489":1,"493":1,"501":13,"509":5,"518":47,"519":29,"520":29,"523":18},"path":"/Volumes/Work/Workspaces/dsla/stacktical-dsla-contracts/contracts/Staking.sol","s":{"1":29,"2":24,"3":5,"4":41,"5":40,"6":40,"7":40,"8":40,"9":40,"10":40,"11":40,"12":40,"13":40,"14":40,"15":39,"16":39,"17":2,"18":2,"19":2,"20":1,"21":1,"22":1,"23":18,"24":18,"25":17,"26":16,"27":16,"28":16,"29":16,"30":16,"31":16,"32":16,"33":16,"34":16,"35":16,"36":16,"37":16,"38":22,"39":20,"40":4,"41":2,"42":2,"43":2,"44":2,"45":0,"46":2,"47":2,"48":18,"49":16,"50":16,"51":16,"52":14,"53":2,"54":16,"55":16,"56":18,"57":17,"58":0,"59":0,"60":0,"61":0,"62":0,"63":0,"64":0,"65":0,"66":0,"67":7,"68":7,"69":4,"70":4,"71":4,"72":0,"73":4,"74":4,"75":4,"76":3,"77":2,"78":0,"79":1,"80":1,"81":1,"82":1,"83":1,"84":1,"85":1,"86":0,"87":0,"88":0,"89":0,"90":0,"91":1,"92":1,"93":1,"94":1,"95":1,"96":13,"97":5,"98":47,"99":29,"100":29,"101":18},"b":{"1":[28,1],"2":[5,19],"3":[3,2],"4":[40,1],"5":[40,0],"6":[39,1],"7":[2,0],"8":[1,0],"9":[17,1],"10":[16,1],"11":[16,0],"12":[4,16],"13":[2,2],"14":[2,0],"15":[16,2],"16":[14,2],"17":[17,1],"18":[0,0],"19":[0,4],"20":[2,1],"21":[0,2],"22":[0,0],"23":[1,0],"24":[0,1],"25":[29,0]},"f":{"1":29,"2":24,"3":41,"4":2,"5":1,"6":18,"7":22,"8":0,"9":7,"10":3,"11":1,"12":1,"13":13,"14":5,"15":47},"fnMap":{"1":{"name":"onlyAllowedToken","line":84,"loc":{"start":{"line":84,"column":4},"end":{"line":87,"column":4}}},"2":{"name":"onlyWhitelisted","line":89,"loc":{"start":{"line":89,"column":4},"end":{"line":94,"column":4}}},"3":{"name":"constructor","line":134,"loc":{"start":{"line":134,"column":4},"end":{"line":168,"column":4}}},"4":{"name":"addUsersToWhitelist","line":177,"loc":{"start":{"line":175,"column":4},"end":{"line":184,"column":4}}},"5":{"name":"removeUsersFromWhitelist","line":193,"loc":{"start":{"line":191,"column":4},"end":{"line":200,"column":4}}},"6":{"name":"addAllowedTokens","line":208,"loc":{"start":{"line":208,"column":4},"end":{"line":253,"column":4}}},"7":{"name":"_stake","line":267,"loc":{"start":{"line":262,"column":4},"end":{"line":321,"column":4}}},"8":{"name":"_setProviderReward","line":328,"loc":{"start":{"line":328,"column":4},"end":{"line":358,"column":4}}},"9":{"name":"_setUserReward","line":365,"loc":{"start":{"line":365,"column":4},"end":{"line":397,"column":4}}},"10":{"name":"_withdrawProviderTokens","line":411,"loc":{"start":{"line":406,"column":4},"end":{"line":439,"column":4}}},"11":{"name":"_withdrawUserTokens","line":453,"loc":{"start":{"line":448,"column":4},"end":{"line":474,"column":4}}},"12":{"name":"_distributeClaimingRewards","line":482,"loc":{"start":{"line":482,"column":4},"end":{"line":494,"column":4}}},"13":{"name":"getAllowedTokensLength","line":500,"loc":{"start":{"line":500,"column":4},"end":{"line":502,"column":4}}},"14":{"name":"getStakersLength","line":508,"loc":{"start":{"line":508,"column":4},"end":{"line":510,"column":4}}},"15":{"name":"isAllowedToken","line":517,"loc":{"start":{"line":517,"column":4},"end":{"line":524,"column":4}}}},"statementMap":{"1":{"start":{"line":85,"column":8},"end":{"line":85,"column":68}},"2":{"start":{"line":90,"column":8},"end":{"line":90,"column":3049}},"3":{"start":{"line":91,"column":12},"end":{"line":91,"column":60}},"4":{"start":{"line":142,"column":8},"end":{"line":142,"column":71}},"5":{"start":{"line":143,"column":8},"end":{"line":143,"column":78}},"6":{"start":{"line":144,"column":8},"end":{"line":144,"column":68}},"7":{"start":{"line":145,"column":8},"end":{"line":145,"column":71}},"8":{"start":{"line":146,"column":8},"end":{"line":146,"column":49}},"9":{"start":{"line":147,"column":8},"end":{"line":147,"column":5001}},"10":{"start":{"line":158,"column":8},"end":{"line":158,"column":60}},"11":{"start":{"line":159,"column":8},"end":{"line":159,"column":35}},"12":{"start":{"line":160,"column":8},"end":{"line":160,"column":39}},"13":{"start":{"line":161,"column":8},"end":{"line":161,"column":21}},"14":{"start":{"line":162,"column":8},"end":{"line":162,"column":5341}},"15":{"start":{"line":166,"column":8},"end":{"line":166,"column":27}},"16":{"start":{"line":167,"column":8},"end":{"line":167,"column":43}},"17":{"start":{"line":179,"column":8},"end":{"line":179,"column":5812}},"18":{"start":{"line":180,"column":12},"end":{"line":180,"column":5894}},"19":{"start":{"line":181,"column":16},"end":{"line":181,"column":54}},"20":{"start":{"line":195,"column":8},"end":{"line":195,"column":6308}},"21":{"start":{"line":196,"column":12},"end":{"line":196,"column":6390}},"22":{"start":{"line":197,"column":16},"end":{"line":197,"column":55}},"23":{"start":{"line":209,"column":8},"end":{"line":209,"column":6873}},"24":{"start":{"line":212,"column":8},"end":{"line":212,"column":6950}},"25":{"start":{"line":217,"column":8},"end":{"line":217,"column":7074}},"26":{"start":{"line":221,"column":8},"end":{"line":221,"column":40}},"27":{"start":{"line":223,"column":8},"end":{"line":223,"column":74}},"28":{"start":{"line":225,"column":8},"end":{"line":225,"column":73}},"29":{"start":{"line":226,"column":8},"end":{"line":226,"column":7423}},"30":{"start":{"line":228,"column":8},"end":{"line":228,"column":73}},"31":{"start":{"line":229,"column":8},"end":{"line":229,"column":7600}},"32":{"start":{"line":232,"column":8},"end":{"line":232,"column":62}},"33":{"start":{"line":234,"column":8},"end":{"line":234,"column":7744}},"34":{"start":{"line":238,"column":8},"end":{"line":238,"column":7867}},"35":{"start":{"line":242,"column":8},"end":{"line":242,"column":47}},"36":{"start":{"line":243,"column":8},"end":{"line":243,"column":47}},"37":{"start":{"line":244,"column":8},"end":{"line":244,"column":8090}},"38":{"start":{"line":268,"column":8},"end":{"line":268,"column":8857}},"39":{"start":{"line":275,"column":8},"end":{"line":275,"column":9030}},"40":{"start":{"line":276,"column":12},"end":{"line":276,"column":9078}},"41":{"start":{"line":282,"column":12},"end":{"line":282,"column":59}},"42":{"start":{"line":283,"column":12},"end":{"line":283,"column":46}},"43":{"start":{"line":286,"column":12},"end":{"line":286,"column":9454}},"44":{"start":{"line":287,"column":16},"end":{"line":287,"column":48}},"45":{"start":{"line":290,"column":16},"end":{"line":290,"column":9608}},"46":{"start":{"line":295,"column":12},"end":{"line":295,"column":46}},"47":{"start":{"line":296,"column":12},"end":{"line":296,"column":60}},"48":{"start":{"line":300,"column":8},"end":{"line":300,"column":9914}},"49":{"start":{"line":301,"column":12},"end":{"line":301,"column":59}},"50":{"start":{"line":302,"column":12},"end":{"line":302,"column":46}},"51":{"start":{"line":304,"column":12},"end":{"line":304,"column":10072}},"52":{"start":{"line":305,"column":16},"end":{"line":305,"column":48}},"53":{"start":{"line":308,"column":16},"end":{"line":308,"column":10226}},"54":{"start":{"line":313,"column":12},"end":{"line":313,"column":50}},"55":{"start":{"line":314,"column":12},"end":{"line":314,"column":64}},"56":{"start":{"line":317,"column":8},"end":{"line":317,"column":10502}},"57":{"start":{"line":318,"column":12},"end":{"line":318,"column":47}},"58":{"start":{"line":331,"column":8},"end":{"line":331,"column":34}},"59":{"start":{"line":332,"column":8},"end":{"line":332,"column":10988}},"60":{"start":{"line":333,"column":12},"end":{"line":333,"column":55}},"61":{"start":{"line":335,"column":12},"end":{"line":335,"column":11154}},"62":{"start":{"line":339,"column":12},"end":{"line":339,"column":11336}},"63":{"start":{"line":342,"column":16},"end":{"line":342,"column":11471}},"64":{"start":{"line":347,"column":12},"end":{"line":347,"column":44}},"65":{"start":{"line":348,"column":12},"end":{"line":348,"column":48}},"66":{"start":{"line":350,"column":12},"end":{"line":350,"column":11690}},"67":{"start":{"line":368,"column":8},"end":{"line":368,"column":34}},"68":{"start":{"line":369,"column":8},"end":{"line":369,"column":12237}},"69":{"start":{"line":370,"column":12},"end":{"line":370,"column":55}},"70":{"start":{"line":372,"column":12},"end":{"line":372,"column":12411}},"71":{"start":{"line":377,"column":12},"end":{"line":377,"column":12611}},"72":{"start":{"line":381,"column":16},"end":{"line":381,"column":12772}},"73":{"start":{"line":386,"column":12},"end":{"line":386,"column":54}},"74":{"start":{"line":387,"column":12},"end":{"line":387,"column":50}},"75":{"start":{"line":389,"column":12},"end":{"line":389,"column":13013}},"76":{"start":{"line":412,"column":8},"end":{"line":412,"column":13780}},"77":{"start":{"line":413,"column":12},"end":{"line":413,"column":13822}},"78":{"start":{"line":419,"column":12},"end":{"line":419,"column":14096}},"79":{"start":{"line":426,"column":8},"end":{"line":426,"column":55}},"80":{"start":{"line":429,"column":8},"end":{"line":429,"column":14506}},"81":{"start":{"line":433,"column":8},"end":{"line":433,"column":46}},"82":{"start":{"line":434,"column":8},"end":{"line":434,"column":14694}},"83":{"start":{"line":438,"column":8},"end":{"line":438,"column":72}},"84":{"start":{"line":454,"column":8},"end":{"line":454,"column":15436}},"85":{"start":{"line":455,"column":12},"end":{"line":455,"column":15478}},"86":{"start":{"line":461,"column":8},"end":{"line":461,"column":55}},"87":{"start":{"line":464,"column":8},"end":{"line":464,"column":15844}},"88":{"start":{"line":468,"column":8},"end":{"line":468,"column":42}},"89":{"start":{"line":469,"column":8},"end":{"line":469,"column":16024}},"90":{"start":{"line":473,"column":8},"end":{"line":473,"column":72}},"91":{"start":{"line":486,"column":8},"end":{"line":486,"column":70}},"92":{"start":{"line":487,"column":8},"end":{"line":487,"column":73}},"93":{"start":{"line":488,"column":8},"end":{"line":488,"column":67}},"94":{"start":{"line":489,"column":8},"end":{"line":489,"column":16790}},"95":{"start":{"line":493,"column":8},"end":{"line":493,"column":58}},"96":{"start":{"line":501,"column":8},"end":{"line":501,"column":35}},"97":{"start":{"line":509,"column":8},"end":{"line":509,"column":25}},"98":{"start":{"line":518,"column":8},"end":{"line":518,"column":17648}},"99":{"start":{"line":519,"column":12},"end":{"line":519,"column":17729}},"100":{"start":{"line":520,"column":16},"end":{"line":520,"column":27}},"101":{"start":{"line":523,"column":8},"end":{"line":523,"column":20}}},"branchMap":{"1":{"line":85,"type":"if","locations":[{"start":{"line":85,"column":8},"end":{"line":85,"column":8}},{"start":{"line":85,"column":8},"end":{"line":85,"column":8}}]},"2":{"line":90,"type":"if","locations":[{"start":{"line":90,"column":8},"end":{"line":90,"column":8}},{"start":{"line":90,"column":8},"end":{"line":90,"column":8}}]},"3":{"line":91,"type":"if","locations":[{"start":{"line":91,"column":12},"end":{"line":91,"column":12}},{"start":{"line":91,"column":12},"end":{"line":91,"column":12}}]},"4":{"line":142,"type":"if","locations":[{"start":{"line":142,"column":8},"end":{"line":142,"column":8}},{"start":{"line":142,"column":8},"end":{"line":142,"column":8}}]},"5":{"line":143,"type":"if","locations":[{"start":{"line":143,"column":8},"end":{"line":143,"column":8}},{"start":{"line":143,"column":8},"end":{"line":143,"column":8}}]},"6":{"line":162,"type":"if","locations":[{"start":{"line":162,"column":8},"end":{"line":162,"column":8}},{"start":{"line":162,"column":8},"end":{"line":162,"column":8}}]},"7":{"line":180,"type":"if","locations":[{"start":{"line":180,"column":12},"end":{"line":180,"column":12}},{"start":{"line":180,"column":12},"end":{"line":180,"column":12}}]},"8":{"line":196,"type":"if","locations":[{"start":{"line":196,"column":12},"end":{"line":196,"column":12}},{"start":{"line":196,"column":12},"end":{"line":196,"column":12}}]},"9":{"line":212,"type":"if","locations":[{"start":{"line":212,"column":8},"end":{"line":212,"column":8}},{"start":{"line":212,"column":8},"end":{"line":212,"column":8}}]},"10":{"line":217,"type":"if","locations":[{"start":{"line":217,"column":8},"end":{"line":217,"column":8}},{"start":{"line":217,"column":8},"end":{"line":217,"column":8}}]},"11":{"line":223,"type":"if","locations":[{"start":{"line":223,"column":8},"end":{"line":223,"column":8}},{"start":{"line":223,"column":8},"end":{"line":223,"column":8}}]},"12":{"line":275,"type":"if","locations":[{"start":{"line":275,"column":8},"end":{"line":275,"column":8}},{"start":{"line":275,"column":8},"end":{"line":275,"column":8}}]},"13":{"line":276,"type":"if","locations":[{"start":{"line":276,"column":12},"end":{"line":276,"column":12}},{"start":{"line":276,"column":12},"end":{"line":276,"column":12}}]},"14":{"line":286,"type":"if","locations":[{"start":{"line":286,"column":12},"end":{"line":286,"column":12}},{"start":{"line":286,"column":12},"end":{"line":286,"column":12}}]},"15":{"line":300,"type":"if","locations":[{"start":{"line":300,"column":8},"end":{"line":300,"column":8}},{"start":{"line":300,"column":8},"end":{"line":300,"column":8}}]},"16":{"line":304,"type":"if","locations":[{"start":{"line":304,"column":12},"end":{"line":304,"column":12}},{"start":{"line":304,"column":12},"end":{"line":304,"column":12}}]},"17":{"line":317,"type":"if","locations":[{"start":{"line":317,"column":8},"end":{"line":317,"column":8}},{"start":{"line":317,"column":8},"end":{"line":317,"column":8}}]},"18":{"line":339,"type":"if","locations":[{"start":{"line":339,"column":12},"end":{"line":339,"column":12}},{"start":{"line":339,"column":12},"end":{"line":339,"column":12}}]},"19":{"line":377,"type":"if","locations":[{"start":{"line":377,"column":12},"end":{"line":377,"column":12}},{"start":{"line":377,"column":12},"end":{"line":377,"column":12}}]},"20":{"line":412,"type":"if","locations":[{"start":{"line":412,"column":8},"end":{"line":412,"column":8}},{"start":{"line":412,"column":8},"end":{"line":412,"column":8}}]},"21":{"line":413,"type":"if","locations":[{"start":{"line":413,"column":12},"end":{"line":413,"column":12}},{"start":{"line":413,"column":12},"end":{"line":413,"column":12}}]},"22":{"line":419,"type":"if","locations":[{"start":{"line":419,"column":12},"end":{"line":419,"column":12}},{"start":{"line":419,"column":12},"end":{"line":419,"column":12}}]},"23":{"line":454,"type":"if","locations":[{"start":{"line":454,"column":8},"end":{"line":454,"column":8}},{"start":{"line":454,"column":8},"end":{"line":454,"column":8}}]},"24":{"line":455,"type":"if","locations":[{"start":{"line":455,"column":12},"end":{"line":455,"column":12}},{"start":{"line":455,"column":12},"end":{"line":455,"column":12}}]},"25":{"line":519,"type":"if","locations":[{"start":{"line":519,"column":12},"end":{"line":519,"column":12}},{"start":{"line":519,"column":12},"end":{"line":519,"column":12}}]}}}}